This file contains any messages produced by compilers while
running configure, to aid debugging if configure makes a mistake.

It was created by lxrad configure 0.4, which was
generated by GNU Autoconf 2.69.  Invocation command line was

  $ ./configure --prefix=/usr

## --------- ##
## Platform. ##
## --------- ##

hostname = gamboa
uname -m = x86_64
uname -r = 4.9.0-1-amd64
uname -s = Linux
uname -v = #1 SMP Debian 4.9.6-3 (2017-01-28)

/usr/bin/uname -p = unknown
/bin/uname -X     = unknown

/bin/arch              = unknown
/usr/bin/arch -k       = unknown
/usr/convex/getsysinfo = unknown
/usr/bin/hostinfo      = unknown
/bin/machine           = unknown
/usr/bin/oslevel       = unknown
/bin/universe          = unknown

PATH: /opt/labs/ex/03/toolchain/bin
PATH: /usr/local/bin
PATH: /usr/bin
PATH: /bin
PATH: /usr/local/games
PATH: /usr/games


## ----------- ##
## Core tests. ##
## ----------- ##

configure:2279: checking for gcc
configure:2295: found /usr/bin/gcc
configure:2306: result: gcc
configure:2535: checking for C compiler version
configure:2544: gcc --version >&5
gcc (Debian 7.3.0-24) 7.3.0
Copyright (C) 2017 Free Software Foundation, Inc.
This is free software; see the source for copying conditions.  There is NO
warranty; not even for MERCHANTABILITY or FITNESS FOR A PARTICULAR PURPOSE.

configure:2555: $? = 0
configure:2544: gcc -v >&5
Using built-in specs.
COLLECT_GCC=gcc
COLLECT_LTO_WRAPPER=/usr/lib/gcc/x86_64-linux-gnu/7/lto-wrapper
OFFLOAD_TARGET_NAMES=nvptx-none
OFFLOAD_TARGET_DEFAULT=1
Target: x86_64-linux-gnu
Configured with: ../src/configure -v --with-pkgversion='Debian 7.3.0-24' --with-bugurl=file:///usr/share/doc/gcc-7/README.Bugs --enable-languages=c,ada,c++,go,brig,d,fortran,objc,obj-c++ --prefix=/usr --with-gcc-major-version-only --program-suffix=-7 --program-prefix=x86_64-linux-gnu- --enable-shared --enable-linker-build-id --libexecdir=/usr/lib --without-included-gettext --enable-threads=posix --libdir=/usr/lib --enable-nls --with-sysroot=/ --enable-clocale=gnu --enable-libstdcxx-debug --enable-libstdcxx-time=yes --with-default-libstdcxx-abi=new --enable-gnu-unique-object --disable-vtable-verify --enable-libmpx --enable-plugin --enable-default-pie --with-system-zlib --with-target-system-zlib --enable-objc-gc=auto --enable-multiarch --disable-werror --with-arch-32=i686 --with-abi=m64 --with-multilib-list=m32,m64,mx32 --enable-multilib --with-tune=generic --enable-offload-targets=nvptx-none --without-cuda-driver --enable-checking=release --build=x86_64-linux-gnu --host=x86_64-linux-gnu --target=x86_64-linux-gnu
Thread model: posix
gcc version 7.3.0 (Debian 7.3.0-24) 
configure:2555: $? = 0
configure:2544: gcc -V >&5
gcc: error: unrecognized command line option '-V'
gcc: fatal error: no input files
compilation terminated.
configure:2555: $? = 1
configure:2544: gcc -qversion >&5
gcc: error: unrecognized command line option '-qversion'; did you mean '--version'?
gcc: fatal error: no input files
compilation terminated.
configure:2555: $? = 1
configure:2575: checking whether the C compiler works
configure:2597: gcc    conftest.c  >&5
configure:2601: $? = 0
configure:2649: result: yes
configure:2652: checking for C compiler default output file name
configure:2654: result: a.out
configure:2660: checking for suffix of executables
configure:2667: gcc -o conftest    conftest.c  >&5
configure:2671: $? = 0
configure:2693: result: 
configure:2715: checking whether we are cross compiling
configure:2723: gcc -o conftest    conftest.c  >&5
configure:2727: $? = 0
configure:2734: ./conftest
configure:2738: $? = 0
configure:2753: result: no
configure:2758: checking for suffix of object files
configure:2780: gcc -c   conftest.c >&5
configure:2784: $? = 0
configure:2805: result: o
configure:2809: checking whether we are using the GNU C compiler
configure:2828: gcc -c   conftest.c >&5
configure:2828: $? = 0
configure:2837: result: yes
configure:2846: checking whether gcc accepts -g
configure:2866: gcc -c -g  conftest.c >&5
configure:2866: $? = 0
configure:2907: result: yes
configure:2924: checking for gcc option to accept ISO C89
configure:2987: gcc  -c -g -O2  conftest.c >&5
configure:2987: $? = 0
configure:3000: result: none needed
configure:3078: checking for g++
configure:3094: found /usr/bin/g++
configure:3105: result: g++
configure:3132: checking for C++ compiler version
configure:3141: g++ --version >&5
g++ (Debian 7.3.0-24) 7.3.0
Copyright (C) 2017 Free Software Foundation, Inc.
This is free software; see the source for copying conditions.  There is NO
warranty; not even for MERCHANTABILITY or FITNESS FOR A PARTICULAR PURPOSE.

configure:3152: $? = 0
configure:3141: g++ -v >&5
Using built-in specs.
COLLECT_GCC=g++
COLLECT_LTO_WRAPPER=/usr/lib/gcc/x86_64-linux-gnu/7/lto-wrapper
OFFLOAD_TARGET_NAMES=nvptx-none
OFFLOAD_TARGET_DEFAULT=1
Target: x86_64-linux-gnu
Configured with: ../src/configure -v --with-pkgversion='Debian 7.3.0-24' --with-bugurl=file:///usr/share/doc/gcc-7/README.Bugs --enable-languages=c,ada,c++,go,brig,d,fortran,objc,obj-c++ --prefix=/usr --with-gcc-major-version-only --program-suffix=-7 --program-prefix=x86_64-linux-gnu- --enable-shared --enable-linker-build-id --libexecdir=/usr/lib --without-included-gettext --enable-threads=posix --libdir=/usr/lib --enable-nls --with-sysroot=/ --enable-clocale=gnu --enable-libstdcxx-debug --enable-libstdcxx-time=yes --with-default-libstdcxx-abi=new --enable-gnu-unique-object --disable-vtable-verify --enable-libmpx --enable-plugin --enable-default-pie --with-system-zlib --with-target-system-zlib --enable-objc-gc=auto --enable-multiarch --disable-werror --with-arch-32=i686 --with-abi=m64 --with-multilib-list=m32,m64,mx32 --enable-multilib --with-tune=generic --enable-offload-targets=nvptx-none --without-cuda-driver --enable-checking=release --build=x86_64-linux-gnu --host=x86_64-linux-gnu --target=x86_64-linux-gnu
Thread model: posix
gcc version 7.3.0 (Debian 7.3.0-24) 
configure:3152: $? = 0
configure:3141: g++ -V >&5
g++: error: unrecognized command line option '-V'
g++: fatal error: no input files
compilation terminated.
configure:3152: $? = 1
configure:3141: g++ -qversion >&5
g++: error: unrecognized command line option '-qversion'; did you mean '--version'?
g++: fatal error: no input files
compilation terminated.
configure:3152: $? = 1
configure:3156: checking whether we are using the GNU C++ compiler
configure:3175: g++ -c   conftest.cpp >&5
configure:3175: $? = 0
configure:3184: result: yes
configure:3193: checking whether g++ accepts -g
configure:3213: g++ -c -g  conftest.cpp >&5
configure:3213: $? = 0
configure:3254: result: yes
configure:3286: checking how to run the C preprocessor
configure:3317: gcc -E  conftest.c
configure:3317: $? = 0
configure:3331: gcc -E  conftest.c
conftest.c:9:10: fatal error: ac_nonexistent.h: No such file or directory
 #include <ac_nonexistent.h>
          ^~~~~~~~~~~~~~~~~~
compilation terminated.
configure:3331: $? = 1
configure: failed program was:
| /* confdefs.h */
| #define PACKAGE_NAME "lxrad"
| #define PACKAGE_TARNAME "lxrad"
| #define PACKAGE_VERSION "0.4"
| #define PACKAGE_STRING "lxrad 0.4"
| #define PACKAGE_BUGREPORT "lcgamboa@yahoo.com"
| #define PACKAGE_URL ""
| /* end confdefs.h.  */
| #include <ac_nonexistent.h>
configure:3356: result: gcc -E
configure:3376: gcc -E  conftest.c
configure:3376: $? = 0
configure:3390: gcc -E  conftest.c
conftest.c:9:10: fatal error: ac_nonexistent.h: No such file or directory
 #include <ac_nonexistent.h>
          ^~~~~~~~~~~~~~~~~~
compilation terminated.
configure:3390: $? = 1
configure: failed program was:
| /* confdefs.h */
| #define PACKAGE_NAME "lxrad"
| #define PACKAGE_TARNAME "lxrad"
| #define PACKAGE_VERSION "0.4"
| #define PACKAGE_STRING "lxrad 0.4"
| #define PACKAGE_BUGREPORT "lcgamboa@yahoo.com"
| #define PACKAGE_URL ""
| /* end confdefs.h.  */
| #include <ac_nonexistent.h>
configure:3419: checking for X
configure:3527: gcc -E  conftest.c
configure:3527: $? = 0
configure:3558: gcc -o conftest -Wall -O3   conftest.c -lX11  >&5
configure:3558: $? = 0
configure:3608: result: libraries , headers 
configure:3707: gcc -o conftest -Wall -O3   conftest.c   -lX11 >&5
configure:3707: $? = 0
configure:3805: checking for gethostbyname
configure:3805: gcc -o conftest -Wall -O3   conftest.c  >&5
configure:3805: $? = 0
configure:3805: result: yes
configure:3902: checking for connect
configure:3902: gcc -o conftest -Wall -O3   conftest.c  >&5
configure:3902: $? = 0
configure:3902: result: yes
configure:3951: checking for remove
configure:3951: gcc -o conftest -Wall -O3   conftest.c  >&5
configure:3951: $? = 0
configure:3951: result: yes
configure:4000: checking for shmat
configure:4000: gcc -o conftest -Wall -O3   conftest.c  >&5
configure:4000: $? = 0
configure:4000: result: yes
configure:4058: checking for IceConnectionNumber in -lICE
configure:4083: gcc -o conftest -Wall -O3   conftest.c -lICE   >&5
configure:4083: $? = 0
configure:4092: result: yes
configure:4105: checking for pthread_create in -lpthread
configure:4130: gcc -o conftest -Wall -O3   conftest.c -lpthread   >&5
configure:4130: $? = 0
configure:4139: result: yes
configure:4152: checking for Imlib_init in -lImlib
configure:4177: gcc -o conftest -Wall -O3 -D_REENTRANT   conftest.c -lImlib  -lpthread  >&5
/usr/bin/ld: cannot find -lImlib
collect2: error: ld returned 1 exit status
configure:4177: $? = 1
configure: failed program was:
| /* confdefs.h */
| #define PACKAGE_NAME "lxrad"
| #define PACKAGE_TARNAME "lxrad"
| #define PACKAGE_VERSION "0.4"
| #define PACKAGE_STRING "lxrad 0.4"
| #define PACKAGE_BUGREPORT "lcgamboa@yahoo.com"
| #define PACKAGE_URL ""
| #define HAVE_LIBPTHREAD 1
| /* end confdefs.h.  */
| 
| /* Override any GCC internal prototype to avoid an error.
|    Use char because int might match the return type of a GCC
|    builtin and then its argument prototype would still apply.  */
| #ifdef __cplusplus
| extern "C"
| #endif
| char Imlib_init ();
| int
| main ()
| {
| return Imlib_init ();
|   ;
|   return 0;
| }
configure:4186: result: no
configure:4241: checking for XOpenDisplay in -lX11
configure:4266: gcc -o conftest -Wall -O3 -D_REENTRANT   conftest.c -lX11  -lpthread  >&5
configure:4266: $? = 0
configure:4275: result: yes
configure:4288: checking for XpmReadFileToPixmap in -lXpm
configure:4313: gcc -o conftest -Wall -O3 -D_REENTRANT   conftest.c -lXpm  -lX11 -lpthread  >&5
configure:4313: $? = 0
configure:4322: result: yes
configure:4336: WARNING: libImlib Not Found!
configure:4342: checking for X
configure:4531: result: libraries , headers 
configure:4538: checking for dirent.h that defines DIR
configure:4557: gcc -c -Wall -O3 -D_REENTRANT  conftest.c >&5
configure:4557: $? = 0
configure:4565: result: yes
configure:4578: checking for library containing opendir
configure:4609: gcc -o conftest -Wall -O3 -D_REENTRANT   conftest.c -lXpm -lX11 -lpthread  >&5
configure:4609: $? = 0
configure:4626: result: none required
configure:4693: checking for grep that handles long lines and -e
configure:4751: result: /bin/grep
configure:4756: checking for egrep
configure:4818: result: /bin/grep -E
configure:4823: checking for ANSI C header files
configure:4843: gcc -c -Wall -O3 -D_REENTRANT  conftest.c >&5
configure:4843: $? = 0
configure:4916: gcc -o conftest -Wall -O3 -D_REENTRANT   conftest.c -lXpm -lX11 -lpthread  >&5
configure:4916: $? = 0
configure:4916: ./conftest
configure:4916: $? = 0
configure:4927: result: yes
configure:4940: checking for sys/types.h
configure:4940: gcc -c -Wall -O3 -D_REENTRANT  conftest.c >&5
configure:4940: $? = 0
configure:4940: result: yes
configure:4940: checking for sys/stat.h
configure:4940: gcc -c -Wall -O3 -D_REENTRANT  conftest.c >&5
configure:4940: $? = 0
configure:4940: result: yes
configure:4940: checking for stdlib.h
configure:4940: gcc -c -Wall -O3 -D_REENTRANT  conftest.c >&5
configure:4940: $? = 0
configure:4940: result: yes
configure:4940: checking for string.h
configure:4940: gcc -c -Wall -O3 -D_REENTRANT  conftest.c >&5
configure:4940: $? = 0
configure:4940: result: yes
configure:4940: checking for memory.h
configure:4940: gcc -c -Wall -O3 -D_REENTRANT  conftest.c >&5
configure:4940: $? = 0
configure:4940: result: yes
configure:4940: checking for strings.h
configure:4940: gcc -c -Wall -O3 -D_REENTRANT  conftest.c >&5
configure:4940: $? = 0
configure:4940: result: yes
configure:4940: checking for inttypes.h
configure:4940: gcc -c -Wall -O3 -D_REENTRANT  conftest.c >&5
configure:4940: $? = 0
configure:4940: result: yes
configure:4940: checking for stdint.h
configure:4940: gcc -c -Wall -O3 -D_REENTRANT  conftest.c >&5
configure:4940: $? = 0
configure:4940: result: yes
configure:4940: checking for unistd.h
configure:4940: gcc -c -Wall -O3 -D_REENTRANT  conftest.c >&5
configure:4940: $? = 0
configure:4940: result: yes
configure:4955: checking locale.h usability
configure:4955: gcc -c -Wall -O3 -D_REENTRANT  conftest.c >&5
configure:4955: $? = 0
configure:4955: result: yes
configure:4955: checking locale.h presence
configure:4955: gcc -E  conftest.c
configure:4955: $? = 0
configure:4955: result: yes
configure:4955: checking for locale.h
configure:4955: result: yes
configure:4955: checking for stdlib.h
configure:4955: result: yes
configure:4955: checking for string.h
configure:4955: result: yes
configure:4955: checking for unistd.h
configure:4955: result: yes
configure:4967: checking for an ANSI C-conforming const
configure:5033: gcc -c -Wall -O3 -D_REENTRANT  conftest.c >&5
configure:5033: $? = 0
configure:5040: result: yes
configure:5048: checking for inline
configure:5064: gcc -c -Wall -O3 -D_REENTRANT  conftest.c >&5
configure:5064: $? = 0
configure:5072: result: inline
configure:5090: checking for size_t
configure:5090: gcc -c -Wall -O3 -D_REENTRANT  conftest.c >&5
configure:5090: $? = 0
configure:5090: gcc -c -Wall -O3 -D_REENTRANT  conftest.c >&5
conftest.c: In function 'main':
conftest.c:63:21: error: expected expression before ')' token
 if (sizeof ((size_t)))
                     ^
configure:5090: $? = 1
configure: failed program was:
| /* confdefs.h */
| #define PACKAGE_NAME "lxrad"
| #define PACKAGE_TARNAME "lxrad"
| #define PACKAGE_VERSION "0.4"
| #define PACKAGE_STRING "lxrad 0.4"
| #define PACKAGE_BUGREPORT "lcgamboa@yahoo.com"
| #define PACKAGE_URL ""
| #define HAVE_LIBPTHREAD 1
| #define HAVE_LIBX11 1
| #define HAVE_LIBXPM 1
| #define HAVE_DIRENT_H 1
| #define STDC_HEADERS 1
| #define HAVE_SYS_TYPES_H 1
| #define HAVE_SYS_STAT_H 1
| #define HAVE_STDLIB_H 1
| #define HAVE_STRING_H 1
| #define HAVE_MEMORY_H 1
| #define HAVE_STRINGS_H 1
| #define HAVE_INTTYPES_H 1
| #define HAVE_STDINT_H 1
| #define HAVE_UNISTD_H 1
| #define HAVE_LOCALE_H 1
| #define HAVE_STDLIB_H 1
| #define HAVE_STRING_H 1
| #define HAVE_UNISTD_H 1
| /* end confdefs.h.  */
| #include <stdio.h>
| #ifdef HAVE_SYS_TYPES_H
| # include <sys/types.h>
| #endif
| #ifdef HAVE_SYS_STAT_H
| # include <sys/stat.h>
| #endif
| #ifdef STDC_HEADERS
| # include <stdlib.h>
| # include <stddef.h>
| #else
| # ifdef HAVE_STDLIB_H
| #  include <stdlib.h>
| # endif
| #endif
| #ifdef HAVE_STRING_H
| # if !defined STDC_HEADERS && defined HAVE_MEMORY_H
| #  include <memory.h>
| # endif
| # include <string.h>
| #endif
| #ifdef HAVE_STRINGS_H
| # include <strings.h>
| #endif
| #ifdef HAVE_INTTYPES_H
| # include <inttypes.h>
| #endif
| #ifdef HAVE_STDINT_H
| # include <stdint.h>
| #endif
| #ifdef HAVE_UNISTD_H
| # include <unistd.h>
| #endif
| int
| main ()
| {
| if (sizeof ((size_t)))
| 	    return 0;
|   ;
|   return 0;
| }
configure:5090: result: yes
configure:5101: checking whether time.h and sys/time.h may both be included
configure:5121: gcc -c -Wall -O3 -D_REENTRANT  conftest.c >&5
configure:5121: $? = 0
configure:5128: result: yes
configure:5140: checking for stdlib.h
configure:5140: result: yes
configure:5150: checking for GNU libc compatible malloc
configure:5174: gcc -o conftest -Wall -O3 -D_REENTRANT   conftest.c -lXpm -lX11 -lpthread  >&5
configure:5174: $? = 0
configure:5174: ./conftest
configure:5174: $? = 0
configure:5184: result: yes
configure:5205: checking whether lstat correctly handles trailing slash
configure:5231: gcc -o conftest -Wall -O3 -D_REENTRANT   conftest.c -lXpm -lX11 -lpthread  >&5
configure:5231: $? = 0
configure:5231: ./conftest
configure:5231: $? = 0
configure:5248: result: yes
configure:5267: checking whether stat accepts an empty string
configure:5287: gcc -o conftest -Wall -O3 -D_REENTRANT   conftest.c -lXpm -lX11 -lpthread  >&5
configure:5287: $? = 0
configure:5287: ./conftest
configure:5287: $? = 0
configure:5297: result: no
configure:5316: checking for mkdir
configure:5316: gcc -o conftest -Wall -O3 -D_REENTRANT   conftest.c -lXpm -lX11 -lpthread  >&5
configure:5316: $? = 0
configure:5316: result: yes
configure:5316: checking for setlocale
configure:5316: gcc -o conftest -Wall -O3 -D_REENTRANT   conftest.c -lXpm -lX11 -lpthread  >&5
configure:5316: $? = 0
configure:5316: result: yes
configure:5316: checking for strerror
configure:5316: gcc -o conftest -Wall -O3 -D_REENTRANT   conftest.c -lXpm -lX11 -lpthread  >&5
configure:5316: $? = 0
configure:5316: result: yes
configure:5316: checking for strrchr
configure:5316: gcc -o conftest -Wall -O3 -D_REENTRANT   conftest.c -lXpm -lX11 -lpthread  >&5
conftest.c:57:6: warning: conflicting types for built-in function 'strrchr' [-Wbuiltin-declaration-mismatch]
 char strrchr ();
      ^~~~~~~
configure:5316: $? = 0
configure:5316: result: yes
configure:5316: checking for strstr
configure:5316: gcc -o conftest -Wall -O3 -D_REENTRANT   conftest.c -lXpm -lX11 -lpthread  >&5
conftest.c:58:6: warning: conflicting types for built-in function 'strstr' [-Wbuiltin-declaration-mismatch]
 char strstr ();
      ^~~~~~
configure:5316: $? = 0
configure:5316: result: yes
configure:5462: creating ./config.status

## ---------------------- ##
## Running config.status. ##
## ---------------------- ##

This file was extended by lxrad config.status 0.4, which was
generated by GNU Autoconf 2.69.  Invocation command line was

  CONFIG_FILES    = 
  CONFIG_HEADERS  = 
  CONFIG_LINKS    = 
  CONFIG_COMMANDS = 
  $ ./config.status 

on gamboa

config.status:840: creating Makefile
config.status:840: creating Makefile.Conf
config.status:939: WARNING:  'Makefile.Conf.in' seems to ignore the --datarootdir setting
config.status:840: creating docs/Makefile
config.status:840: creating include/Makefile
config.status:840: creating layout/Makefile
config.status:840: creating lib/Makefile
config.status:840: creating share/Makefile
config.status:840: creating utils/Makefile
config.status:840: creating utils/lxrad-config
config.status:840: creating config.h
config.status:1010: config.h is unchanged

## ---------------- ##
## Cache variables. ##
## ---------------- ##

ac_cv_c_compiler_gnu=yes
ac_cv_c_const=yes
ac_cv_c_inline=inline
ac_cv_cxx_compiler_gnu=yes
ac_cv_env_CCC_set=
ac_cv_env_CCC_value=
ac_cv_env_CC_set=
ac_cv_env_CC_value=
ac_cv_env_CFLAGS_set=
ac_cv_env_CFLAGS_value=
ac_cv_env_CPPFLAGS_set=
ac_cv_env_CPPFLAGS_value=
ac_cv_env_CPP_set=
ac_cv_env_CPP_value=
ac_cv_env_CXXFLAGS_set=
ac_cv_env_CXXFLAGS_value=
ac_cv_env_CXX_set=
ac_cv_env_CXX_value=
ac_cv_env_LDFLAGS_set=
ac_cv_env_LDFLAGS_value=
ac_cv_env_LIBS_set=
ac_cv_env_LIBS_value=
ac_cv_env_XMKMF_set=
ac_cv_env_XMKMF_value=
ac_cv_env_build_alias_set=
ac_cv_env_build_alias_value=
ac_cv_env_host_alias_set=
ac_cv_env_host_alias_value=
ac_cv_env_target_alias_set=
ac_cv_env_target_alias_value=
ac_cv_func_connect=yes
ac_cv_func_gethostbyname=yes
ac_cv_func_lstat_dereferences_slashed_symlink=yes
ac_cv_func_malloc_0_nonnull=yes
ac_cv_func_mkdir=yes
ac_cv_func_remove=yes
ac_cv_func_setlocale=yes
ac_cv_func_shmat=yes
ac_cv_func_stat_empty_string_bug=no
ac_cv_func_strerror=yes
ac_cv_func_strrchr=yes
ac_cv_func_strstr=yes
ac_cv_have_x='have_x=yes	ac_x_includes='\'''\''	ac_x_libraries='\'''\'''
ac_cv_header_dirent_dirent_h=yes
ac_cv_header_inttypes_h=yes
ac_cv_header_locale_h=yes
ac_cv_header_memory_h=yes
ac_cv_header_stdc=yes
ac_cv_header_stdint_h=yes
ac_cv_header_stdlib_h=yes
ac_cv_header_string_h=yes
ac_cv_header_strings_h=yes
ac_cv_header_sys_stat_h=yes
ac_cv_header_sys_types_h=yes
ac_cv_header_time=yes
ac_cv_header_unistd_h=yes
ac_cv_lib_ICE_IceConnectionNumber=yes
ac_cv_lib_Imlib_Imlib_init=no
ac_cv_lib_X11_XOpenDisplay=yes
ac_cv_lib_Xpm_XpmReadFileToPixmap=yes
ac_cv_lib_pthread_pthread_create=yes
ac_cv_objext=o
ac_cv_path_EGREP='/bin/grep -E'
ac_cv_path_GREP=/bin/grep
ac_cv_prog_CPP='gcc -E'
ac_cv_prog_ac_ct_CC=gcc
ac_cv_prog_ac_ct_CXX=g++
ac_cv_prog_cc_c89=
ac_cv_prog_cc_g=yes
ac_cv_prog_cxx_g=yes
ac_cv_search_opendir='none required'
ac_cv_type_size_t=yes

## ----------------- ##
## Output variables. ##
## ----------------- ##

BINDIR=''
CC='gcc'
CFLAGS='-Wall -O3 -D_REENTRANT'
CPP='gcc -E'
CPPFLAGS=''
CXX='g++'
CXXFLAGS='-g -O2'
DEFS='-DHAVE_CONFIG_H'
ECHO_C=''
ECHO_N='-n'
ECHO_T=''
EGREP='/bin/grep -E'
EXEEXT=''
GREP='/bin/grep'
HOSTCPU='x86_64'
HOSTOS='Linux 4.9.0-1-amd64'
LDFLAGS=''
LIBDIR=''
LIBOBJS=''
LIBS='-lXpm -lX11 -lpthread '
LTLIBOBJS=''
MAINVER='0'
MINORVER='4'
OBJEXT='o'
PACKAGE='lxrad'
PACKAGE_BUGREPORT='lcgamboa@yahoo.com'
PACKAGE_NAME='lxrad'
PACKAGE_STRING='lxrad 0.4'
PACKAGE_TARNAME='lxrad'
PACKAGE_URL=''
PACKAGE_VERSION='0.4'
PATH_SEPARATOR=':'
PREFIX=''
SHELL='/bin/bash'
VERSION='0.4'
XMKMF=''
X_CFLAGS=''
X_EXTRA_LIBS=''
X_LIBS=''
X_PRE_LIBS=' -lSM -lICE'
ac_ct_CC='gcc'
ac_ct_CXX='g++'
bindir='${exec_prefix}/bin'
build_alias=''
datadir='${datarootdir}'
datarootdir='${prefix}/share'
docdir='${datarootdir}/doc/${PACKAGE_TARNAME}'
dvidir='${docdir}'
exec_prefix='${prefix}'
host_alias=''
htmldir='${docdir}'
includedir='${prefix}/include'
infodir='${datarootdir}/info'
libdir='${exec_prefix}/lib'
libexecdir='${exec_prefix}/libexec'
localedir='${datarootdir}/locale'
localstatedir='${prefix}/var'
mandir='${datarootdir}/man'
oldincludedir='/usr/include'
pdfdir='${docdir}'
prefix='/usr'
program_transform_name='s,x,x,'
psdir='${docdir}'
runstatedir='${localstatedir}/run'
sbindir='${exec_prefix}/sbin'
sharedstatedir='${prefix}/com'
sysconfdir='${prefix}/etc'
target_alias=''

## ----------- ##
## confdefs.h. ##
## ----------- ##

/* confdefs.h */
#define PACKAGE_NAME "lxrad"
#define PACKAGE_TARNAME "lxrad"
#define PACKAGE_VERSION "0.4"
#define PACKAGE_STRING "lxrad 0.4"
#define PACKAGE_BUGREPORT "lcgamboa@yahoo.com"
#define PACKAGE_URL ""
#define HAVE_LIBPTHREAD 1
#define HAVE_LIBX11 1
#define HAVE_LIBXPM 1
#define HAVE_DIRENT_H 1
#define STDC_HEADERS 1
#define HAVE_SYS_TYPES_H 1
#define HAVE_SYS_STAT_H 1
#define HAVE_STDLIB_H 1
#define HAVE_STRING_H 1
#define HAVE_MEMORY_H 1
#define HAVE_STRINGS_H 1
#define HAVE_INTTYPES_H 1
#define HAVE_STDINT_H 1
#define HAVE_UNISTD_H 1
#define HAVE_LOCALE_H 1
#define HAVE_STDLIB_H 1
#define HAVE_STRING_H 1
#define HAVE_UNISTD_H 1
#define TIME_WITH_SYS_TIME 1
#define HAVE_STDLIB_H 1
#define HAVE_MALLOC 1
#define LSTAT_FOLLOWS_SLASHED_SYMLINK 1
#define HAVE_MKDIR 1
#define HAVE_SETLOCALE 1
#define HAVE_STRERROR 1
#define HAVE_STRRCHR 1
#define HAVE_STRSTR 1

configure: exit 0
